Vivado Simulator v2023.2
Copyright 1986-2022 Xilinx, Inc. All Rights Reserved.
Copyright 2022-2023 Advanced Micro Devices, Inc. All Rights Reserved.
Running: C:/Xilinx/Vivado/2023.2/bin/unwrapped/win64.o/xelab.exe --incr --debug typical --relax --mt 2 --maxdelay -L xil_defaultlib -L simprims_ver -L secureip --snapshot top_level_testbench_time_synth -transport_int_delays -pulse_r 0 -pulse_int_r 0 -pulse_e 0 -pulse_int_e 0 xil_defaultlib.top_level_testbench xil_defaultlib.glbl -log elaborate.log 
Using 2 slave threads.
Starting static elaboration
Pass Through NonSizing Optimizer
Completed static elaboration
Starting simulation data flow analysis
Completed simulation data flow analysis
INFO: [XSIM 43-3451] SDF backannotation process started with SDF file "top_level_testbench_time_synth.sdf", for root module "top_level_testbench/DUT".
INFO: [XSIM 43-3452] SDF backannotation was successful for SDF file "top_level_testbench_time_synth.sdf", for root module "top_level_testbench/DUT".
Time Resolution for simulation is 1ps
Compiling package std.standard
Compiling package std.textio
Compiling package ieee.std_logic_1164
Compiling package vl.vl_types
Compiling module xil_defaultlib.glbl
Compiling module simprims_ver.BUFG
Compiling module simprims_ver.IBUF
Compiling module simprims_ver.x_lut1_mux2
Compiling module simprims_ver.LUT1
Compiling module simprims_ver.x_lut2_mux4
Compiling module simprims_ver.LUT2
Compiling module simprims_ver.x_lut3_mux8
Compiling module simprims_ver.LUT3
Compiling module simprims_ver.LUT4
Compiling module simprims_ver.LUT5
Compiling module simprims_ver.FDRE_default
Compiling module simprims_ver.LUT6(INIT=64'b111111111111111111...
Compiling module xil_defaultlib.clock_divider
Compiling module simprims_ver.FDSE_default
Compiling module xil_defaultlib.d_ff_en
Compiling module simprims_ver.OBUF
Compiling module simprims_ver.FDCE_default
Compiling module xil_defaultlib.counter
Compiling module xil_defaultlib.top_level
Compiling architecture behavior of entity xil_defaultlib.top_level_testbench
Built simulation snapshot top_level_testbench_time_synth
