Copyright 1986-2022 Xilinx, Inc. All Rights Reserved. Copyright 2022-2023 Advanced Micro Devices, Inc. All Rights Reserved.
---------------------------------------------------------------------------------------------------------------------------------------------
| Tool Version : Vivado v.2023.2 (win64) Build 4029153 Fri Oct 13 20:14:34 MDT 2023
| Date         : Mon Oct 28 14:07:41 2024
| Host         : EGR-W447-20 running 64-bit major release  (build 9200)
| Command      : report_control_sets -verbose -file top_level_control_sets_placed.rpt
| Design       : top_level
| Device       : xc7a100t
---------------------------------------------------------------------------------------------------------------------------------------------

Control Set Information

Table of Contents
-----------------
1. Summary
2. Histogram
3. Flip-Flop Distribution
4. Detailed Control Set Information

1. Summary
----------

+----------------------------------------------------------+-------+
|                          Status                          | Count |
+----------------------------------------------------------+-------+
| Total control sets                                       |     5 |
|    Minimum number of control sets                        |     5 |
|    Addition due to synthesis replication                 |     0 |
|    Addition due to physical synthesis replication        |     0 |
| Unused register locations in slices containing registers |    28 |
+----------------------------------------------------------+-------+
* Control sets can be merged at opt_design using control_set_merge or merge_equivalent_drivers
** Run report_qor_suggestions for automated merging and remapping suggestions


2. Histogram
------------

+--------------------+-------+
|       Fanout       | Count |
+--------------------+-------+
| Total control sets |     5 |
| >= 0 to < 4        |     3 |
| >= 4 to < 6        |     2 |
| >= 6 to < 8        |     0 |
| >= 8 to < 10       |     0 |
| >= 10 to < 12      |     0 |
| >= 12 to < 14      |     0 |
| >= 14 to < 16      |     0 |
| >= 16              |     0 |
+--------------------+-------+
* Control sets can be remapped at either synth_design or opt_design


3. Flip-Flop Distribution
-------------------------

+--------------+-----------------------+------------------------+-----------------+--------------+
| Clock Enable | Synchronous Set/Reset | Asynchronous Set/Reset | Total Registers | Total Slices |
+--------------+-----------------------+------------------------+-----------------+--------------+
| No           | No                    | No                     |               1 |            1 |
| No           | No                    | Yes                    |               4 |            1 |
| No           | Yes                   | No                     |               5 |            1 |
| Yes          | No                    | No                     |               1 |            1 |
| Yes          | No                    | Yes                    |               0 |            0 |
| Yes          | Yes                   | No                     |               1 |            1 |
+--------------+-----------------------+------------------------+-----------------+--------------+


4. Detailed Control Set Information
-----------------------------------

+----------------------+---------------+----------------------------------+------------------+----------------+--------------+
|     Clock Signal     | Enable Signal |         Set/Reset Signal         | Slice Load Count | Bel Load Count | Bels / Slice |
+----------------------+---------------+----------------------------------+------------------+----------------+--------------+
|  CLK_DIV/LED_OBUF[0] | SW_IBUF[5]    |                                  |                1 |              1 |         1.00 |
|  CLK_DIV/LED_OBUF[0] | SW_IBUF[5]    | D_FF/q_i_1_n_0                   |                1 |              1 |         1.00 |
|  CLK100MHZ_IBUF_BUFG |               |                                  |                1 |              1 |         1.00 |
|  CLK_DIV/LED_OBUF[0] |               | UP_CTR/LED_OBUF[4]               |                1 |              4 |         4.00 |
|  CLK100MHZ_IBUF_BUFG |               | CLK_DIV/div_clk.count[4]_i_1_n_0 |                1 |              5 |         5.00 |
+----------------------+---------------+----------------------------------+------------------+----------------+--------------+


