#-----------------------------------------------------------
# Vivado v2023.2 (64-bit)
# SW Build 4029153 on Fri Oct 13 20:14:34 MDT 2023
# IP Build 4028589 on Sat Oct 14 00:45:43 MDT 2023
# SharedData Build 4025554 on Tue Oct 10 17:18:54 MDT 2023
# Start of session at: Wed Oct  2 11:01:45 2024
# Process ID: 1688
# Current directory: H:/EGRE365/lab4
# Command line: vivado.exe -gui_launcher_event rodinguilauncherevent14796 H:\EGRE365\lab4\lab4.xpr
# Log file: H:/EGRE365/lab4/vivado.log
# Journal file: H:/EGRE365/lab4\vivado.jou
# Running On: EGR-W447-11, OS: Windows, CPU Frequency: 3696 MHz, CPU Physical cores: 6, Host memory: 34178 MB
#-----------------------------------------------------------
start_gui
open_project H:/EGRE365/lab4/lab4.xpr
WARNING: [Board 49-26] cannot add Board Part xilinx.com:vek280_es:part0:1.0 available at C:/Xilinx/Vivado/2023.2/data/xhub/boards/XilinxBoardStore/boards/Xilinx/vek280/es/rev_a/1.0/board.xml as part xcve2802-vsvh1760-2lp-e-s-es1 specified in board_part file is either invalid or not available
WARNING: [Board 49-26] cannot add Board Part xilinx.com:vek280_es:part0:1.1 available at C:/Xilinx/Vivado/2023.2/data/xhub/boards/XilinxBoardStore/boards/Xilinx/vek280/es/rev_a/1.1/board.xml as part xcve2802-vsvh1760-2lp-e-s-es1 specified in board_part file is either invalid or not available
WARNING: [Board 49-26] cannot add Board Part xilinx.com:vek280_es_revb:part0:1.0 available at C:/Xilinx/Vivado/2023.2/data/xhub/boards/XilinxBoardStore/boards/Xilinx/vek280/es/rev_b/1.0/board.xml as part xcve2802-vsvh1760-2mp-e-s-es1 specified in board_part file is either invalid or not available
WARNING: [Board 49-26] cannot add Board Part xilinx.com:vek280_es_revb:part0:1.1 available at C:/Xilinx/Vivado/2023.2/data/xhub/boards/XilinxBoardStore/boards/Xilinx/vek280/es/rev_b/1.1/board.xml as part xcve2802-vsvh1760-2mp-e-s-es1 specified in board_part file is either invalid or not available
WARNING: [Board 49-26] cannot add Board Part xilinx.com:vhk158_es:part0:1.0 available at C:/Xilinx/Vivado/2023.2/data/xhub/boards/XilinxBoardStore/boards/Xilinx/vhk158/es/1.0/board.xml as part xcvh1582-vsva3697-2mp-e-s-es1 specified in board_part file is either invalid or not available
WARNING: [Board 49-26] cannot add Board Part xilinx.com:vhk158_es:part0:1.1 available at C:/Xilinx/Vivado/2023.2/data/xhub/boards/XilinxBoardStore/boards/Xilinx/vhk158/es/1.1/board.xml as part xcvh1582-vsva3697-2mp-e-s-es1 specified in board_part file is either invalid or not available
WARNING: [Board 49-26] cannot add Board Part xilinx.com:zcu208ld:part0:2.0 available at C:/Xilinx/Vivado/2023.2/data/xhub/boards/XilinxBoardStore/boards/Xilinx/zcu208ld/production/2.0/board.xml as part xczu58dr-fsvg1517-2-i specified in board_part file is either invalid or not available
WARNING: [Board 49-26] cannot add Board Part xilinx.com:zcu216ld:part0:2.0 available at C:/Xilinx/Vivado/2023.2/data/xhub/boards/XilinxBoardStore/boards/Xilinx/zcu216ld/production/2.0/board.xml as part xczu59dr-ffvf1760-2-i specified in board_part file is either invalid or not available
WARNING: [Board 49-26] cannot add Board Part xilinx.com:zcu670:part0:2.0 available at C:/Xilinx/Vivado/2023.2/data/xhub/boards/XilinxBoardStore/boards/Xilinx/zcu670/2.0/board.xml as part xczu67dr-fsve1156-2-i specified in board_part file is either invalid or not available
WARNING: [Board 49-26] cannot add Board Part xilinx.com:zcu670ld:part0:1.0 available at C:/Xilinx/Vivado/2023.2/data/xhub/boards/XilinxBoardStore/boards/Xilinx/zcu670ld/1.0/board.xml as part xczu57dr-fsve1156-2-i specified in board_part file is either invalid or not available
INFO: [filemgmt 56-3] Default IP Output Path : Could not find the directory 'H:/EGRE365/lab4/lab4.gen/sources_1'.
Scanning sources...
Finished scanning sources
INFO: [IP_Flow 19-234] Refreshing IP repositories
INFO: [IP_Flow 19-1704] No user IP repositories specified
INFO: [IP_Flow 19-2313] Loaded Vivado IP repository 'C:/Xilinx/Vivado/2023.2/data/ip'.
open_project: Time (s): cpu = 00:00:11 ; elapsed = 00:00:11 . Memory (MB): peak = 1605.301 ; gain = 258.879
update_compile_order -fileset sources_1
WARNING: [filemgmt 56-199] Attempt to get parsing info during refresh. "On-the-fly" syntax checking information may be incorrect. [H:\EGRE365\lab4\lab4.srcs\sim_1\imports\Lab3\adderTB.vhdl:]
WARNING: [filemgmt 56-199] Attempt to get parsing info during refresh. "On-the-fly" syntax checking information may be incorrect. [H:\EGRE365\lab4\lab4.srcs\sources_1\new\ALU.vhd:]
ERROR: [Common 17-180] Spawn failed: No error
launch_simulation
Command: launch_simulation 
INFO: [Vivado 12-12493] Simulation top is 'adderTB'
WARNING: [Vivado 12-13340] Unable to auto find GCC executables from simulator install path! (path not set)
INFO: [Vivado 12-5682] Launching behavioral simulation in 'H:/EGRE365/lab4/lab4.sim/sim_1/behav/xsim'
INFO: [SIM-utils-51] Simulation object is 'sim_1'
INFO: [SIM-utils-72] Using boost library from 'C:/Xilinx/Vivado/2023.2/tps/boost_1_72_0'
INFO: [SIM-utils-54] Inspecting design source files for 'adderTB' in fileset 'sim_1'...
INFO: [USF-XSim-97] Finding global include files...
INFO: [USF-XSim-98] Fetching design files from 'sim_1'...
INFO: [USF-XSim-2] XSim::Compile design
INFO: [USF-XSim-61] Executing 'COMPILE and ANALYZE' step in 'H:/EGRE365/lab4/lab4.sim/sim_1/behav/xsim'
"xvhdl --incr --relax -prj adderTB_vhdl.prj"
INFO: [VRFC 10-163] Analyzing VHDL file "H:/EGRE365/lab4/lab4.srcs/sources_1/new/ALU.vhd" into library xil_defaultlib
INFO: [VRFC 10-3107] analyzing entity 'ALU'
INFO: [VRFC 10-163] Analyzing VHDL file "H:/EGRE365/lab4/lab4.srcs/sim_1/imports/Lab3/adderTB.vhdl" into library xil_defaultlib
INFO: [VRFC 10-3107] analyzing entity 'adderTB'
run_program: Time (s): cpu = 00:00:00 ; elapsed = 00:00:09 . Memory (MB): peak = 1605.301 ; gain = 0.000
INFO: [USF-XSim-69] 'compile' step finished in '10' seconds
INFO: [USF-XSim-3] XSim::Elaborate design
INFO: [USF-XSim-61] Executing 'ELABORATE' step in 'H:/EGRE365/lab4/lab4.sim/sim_1/behav/xsim'
"xelab --incr --debug typical --relax --mt 2 -L xil_defaultlib -L secureip --snapshot adderTB_behav xil_defaultlib.adderTB -log elaborate.log"
Vivado Simulator v2023.2
Copyright 1986-2022 Xilinx, Inc. All Rights Reserved.
Copyright 2022-2023 Advanced Micro Devices, Inc. All Rights Reserved.
Running: C:/Xilinx/Vivado/2023.2/bin/unwrapped/win64.o/xelab.exe --incr --debug typical --relax --mt 2 -L xil_defaultlib -L secureip --snapshot adderTB_behav xil_defaultlib.adderTB -log elaborate.log 
Using 2 slave threads.
Starting static elaboration
ERROR: [VRFC 10-666] expression has 7 elements; expected 6 [H:/EGRE365/lab4/lab4.srcs/sim_1/imports/Lab3/adderTB.vhdl:50]
ERROR: [XSIM 43-3321] Static elaboration of top level VHDL design unit addertb in library work failed.
run_program: Time (s): cpu = 00:00:00 ; elapsed = 00:00:09 . Memory (MB): peak = 1605.301 ; gain = 0.000
INFO: [USF-XSim-69] 'elaborate' step finished in '9' seconds
INFO: [USF-XSim-99] Step results log file:'H:/EGRE365/lab4/lab4.sim/sim_1/behav/xsim/elaborate.log'
ERROR: [USF-XSim-62] 'elaborate' step failed with error(s). Please check the Tcl console output or 'H:/EGRE365/lab4/lab4.sim/sim_1/behav/xsim/elaborate.log' file for more information.
ERROR: [Vivado 12-4473] Detected error while running simulation. Please correct the issue and retry this operation.
launch_simulation: Time (s): cpu = 00:00:01 ; elapsed = 00:00:20 . Memory (MB): peak = 1605.301 ; gain = 0.000
ERROR: [Common 17-39] 'launch_simulation' failed due to earlier errors.
WARNING: [filemgmt 56-199] Attempt to get parsing info during refresh. "On-the-fly" syntax checking information may be incorrect. [H:\EGRE365\lab4\lab4.srcs\sim_1\imports\Lab3\adderTB.vhdl:]
WARNING: [filemgmt 56-199] Attempt to get parsing info during refresh. "On-the-fly" syntax checking information may be incorrect. [H:\EGRE365\lab4\lab4.srcs\sources_1\new\ALU.vhd:]
ERROR: [Common 17-180] Spawn failed: No error
WARNING: [filemgmt 56-199] Attempt to get parsing info during refresh. "On-the-fly" syntax checking information may be incorrect. [H:\EGRE365\lab4\lab4.srcs\sim_1\imports\Lab3\adderTB.vhdl:]
WARNING: [filemgmt 56-199] Attempt to get parsing info during refresh. "On-the-fly" syntax checking information may be incorrect. [H:\EGRE365\lab4\lab4.srcs\sources_1\new\ALU.vhd:]
ERROR: [Common 17-180] Spawn failed: No error
launch_simulation
Command: launch_simulation 
INFO: [Vivado 12-12493] Simulation top is 'adderTB'
WARNING: [Vivado 12-13340] Unable to auto find GCC executables from simulator install path! (path not set)
INFO: [Vivado 12-5682] Launching behavioral simulation in 'H:/EGRE365/lab4/lab4.sim/sim_1/behav/xsim'
INFO: [SIM-utils-51] Simulation object is 'sim_1'
INFO: [SIM-utils-72] Using boost library from 'C:/Xilinx/Vivado/2023.2/tps/boost_1_72_0'
INFO: [SIM-utils-54] Inspecting design source files for 'adderTB' in fileset 'sim_1'...
INFO: [USF-XSim-97] Finding global include files...
INFO: [USF-XSim-98] Fetching design files from 'sim_1'...
INFO: [USF-XSim-2] XSim::Compile design
INFO: [USF-XSim-61] Executing 'COMPILE and ANALYZE' step in 'H:/EGRE365/lab4/lab4.sim/sim_1/behav/xsim'
"xvhdl --incr --relax -prj adderTB_vhdl.prj"
INFO: [VRFC 10-163] Analyzing VHDL file "H:/EGRE365/lab4/lab4.srcs/sim_1/imports/Lab3/adderTB.vhdl" into library xil_defaultlib
INFO: [VRFC 10-3107] analyzing entity 'adderTB'
INFO: [USF-XSim-69] 'compile' step finished in '4' seconds
INFO: [USF-XSim-3] XSim::Elaborate design
INFO: [USF-XSim-61] Executing 'ELABORATE' step in 'H:/EGRE365/lab4/lab4.sim/sim_1/behav/xsim'
"xelab --incr --debug typical --relax --mt 2 -L xil_defaultlib -L secureip --snapshot adderTB_behav xil_defaultlib.adderTB -log elaborate.log"
Vivado Simulator v2023.2
Copyright 1986-2022 Xilinx, Inc. All Rights Reserved.
Copyright 2022-2023 Advanced Micro Devices, Inc. All Rights Reserved.
Running: C:/Xilinx/Vivado/2023.2/bin/unwrapped/win64.o/xelab.exe --incr --debug typical --relax --mt 2 -L xil_defaultlib -L secureip --snapshot adderTB_behav xil_defaultlib.adderTB -log elaborate.log 
Using 2 slave threads.
Starting static elaboration
Completed static elaboration
Starting simulation data flow analysis
Completed simulation data flow analysis
Time Resolution for simulation is 1ps
Compiling package std.standard
Compiling package std.textio
Compiling package ieee.std_logic_1164
Compiling package ieee.numeric_std
Compiling architecture behavioral of entity xil_defaultlib.ALU [alu_default]
Compiling architecture behavior of entity xil_defaultlib.addertb
Built simulation snapshot adderTB_behav
run_program: Time (s): cpu = 00:00:00 ; elapsed = 00:00:08 . Memory (MB): peak = 1605.301 ; gain = 0.000
INFO: [USF-XSim-69] 'elaborate' step finished in '8' seconds
INFO: [USF-XSim-4] XSim::Simulate design
INFO: [USF-XSim-61] Executing 'SIMULATE' step in 'H:/EGRE365/lab4/lab4.sim/sim_1/behav/xsim'
INFO: [USF-XSim-98] *** Running xsim
   with args "adderTB_behav -key {Behavioral:sim_1:Functional:adderTB} -tclbatch {adderTB.tcl} -view {H:/EGRE365/lab4/top_level_tb_behav.wcfg} -log {simulate.log}"
INFO: [USF-XSim-8] Loading simulator feature
Time resolution is 1 ps
open_wave_config H:/EGRE365/lab4/top_level_tb_behav.wcfg
source adderTB.tcl
# set curr_wave [current_wave_config]
# if { [string length $curr_wave] == 0 } {
#   if { [llength [get_objects]] > 0} {
#     add_wave /
#     set_property needs_save false [current_wave_config]
#   } else {
#      send_msg_id Add_Wave-1 WARNING "No top level signals found. Simulator will start without a wave window. If you want to open a wave window go to 'File->New Waveform Configuration' or type 'create_wave_config' in the TCL console."
#   }
# }
# run 1000ns
Error: Zero value is incorrect.
Time: 5 ns  Iteration: 0  Process: /adderTB/monitor  File: H:/EGRE365/lab4/lab4.srcs/sim_1/imports/Lab3/adderTB.vhdl
Error: C value is incorrect.
Time: 25 ns  Iteration: 0  Process: /adderTB/monitor  File: H:/EGRE365/lab4/lab4.srcs/sim_1/imports/Lab3/adderTB.vhdl
Error: Zero value is incorrect.
Time: 25 ns  Iteration: 0  Process: /adderTB/monitor  File: H:/EGRE365/lab4/lab4.srcs/sim_1/imports/Lab3/adderTB.vhdl
Error: Cout value is incorrect.
Time: 35 ns  Iteration: 0  Process: /adderTB/monitor  File: H:/EGRE365/lab4/lab4.srcs/sim_1/imports/Lab3/adderTB.vhdl
Error: C value is incorrect.
Time: 45 ns  Iteration: 0  Process: /adderTB/monitor  File: H:/EGRE365/lab4/lab4.srcs/sim_1/imports/Lab3/adderTB.vhdl
Error: Zero value is incorrect.
Time: 45 ns  Iteration: 0  Process: /adderTB/monitor  File: H:/EGRE365/lab4/lab4.srcs/sim_1/imports/Lab3/adderTB.vhdl
Error: Cout value is incorrect.
Time: 55 ns  Iteration: 0  Process: /adderTB/monitor  File: H:/EGRE365/lab4/lab4.srcs/sim_1/imports/Lab3/adderTB.vhdl
Error: Zero value is incorrect.
Time: 65 ns  Iteration: 0  Process: /adderTB/monitor  File: H:/EGRE365/lab4/lab4.srcs/sim_1/imports/Lab3/adderTB.vhdl
Error: C value is incorrect.
Time: 85 ns  Iteration: 0  Process: /adderTB/monitor  File: H:/EGRE365/lab4/lab4.srcs/sim_1/imports/Lab3/adderTB.vhdl
Error: Zero value is incorrect.
Time: 85 ns  Iteration: 0  Process: /adderTB/monitor  File: H:/EGRE365/lab4/lab4.srcs/sim_1/imports/Lab3/adderTB.vhdl
Error: Cout value is incorrect.
Time: 95 ns  Iteration: 0  Process: /adderTB/monitor  File: H:/EGRE365/lab4/lab4.srcs/sim_1/imports/Lab3/adderTB.vhdl
Error: C value is incorrect.
Time: 105 ns  Iteration: 0  Process: /adderTB/monitor  File: H:/EGRE365/lab4/lab4.srcs/sim_1/imports/Lab3/adderTB.vhdl
Error: Zero value is incorrect.
Time: 105 ns  Iteration: 0  Process: /adderTB/monitor  File: H:/EGRE365/lab4/lab4.srcs/sim_1/imports/Lab3/adderTB.vhdl
INFO: [USF-XSim-96] XSim completed. Design snapshot 'adderTB_behav' loaded.
INFO: [USF-XSim-97] XSim simulation ran for 1000ns
launch_simulation: Time (s): cpu = 00:00:01 ; elapsed = 00:00:17 . Memory (MB): peak = 1607.566 ; gain = 2.266
WARNING: [filemgmt 56-199] Attempt to get parsing info during refresh. "On-the-fly" syntax checking information may be incorrect. [H:\EGRE365\lab4\lab4.srcs\sim_1\imports\Lab3\adderTB.vhdl:]
WARNING: [filemgmt 56-199] Attempt to get parsing info during refresh. "On-the-fly" syntax checking information may be incorrect. [H:\EGRE365\lab4\lab4.srcs\sources_1\new\ALU.vhd:]
ERROR: [Common 17-180] Spawn failed: No error
close_sim
INFO: [Simtcl 6-16] Simulation closed
launch_simulation
Command: launch_simulation 
INFO: [Vivado 12-12493] Simulation top is 'adderTB'
WARNING: [Vivado 12-13340] Unable to auto find GCC executables from simulator install path! (path not set)
INFO: [Vivado 12-5682] Launching behavioral simulation in 'H:/EGRE365/lab4/lab4.sim/sim_1/behav/xsim'
INFO: [SIM-utils-51] Simulation object is 'sim_1'
INFO: [SIM-utils-72] Using boost library from 'C:/Xilinx/Vivado/2023.2/tps/boost_1_72_0'
INFO: [SIM-utils-54] Inspecting design source files for 'adderTB' in fileset 'sim_1'...
INFO: [USF-XSim-97] Finding global include files...
INFO: [USF-XSim-98] Fetching design files from 'sim_1'...
INFO: [USF-XSim-2] XSim::Compile design
INFO: [USF-XSim-61] Executing 'COMPILE and ANALYZE' step in 'H:/EGRE365/lab4/lab4.sim/sim_1/behav/xsim'
"xvhdl --incr --relax -prj adderTB_vhdl.prj"
INFO: [VRFC 10-163] Analyzing VHDL file "H:/EGRE365/lab4/lab4.srcs/sim_1/imports/Lab3/adderTB.vhdl" into library xil_defaultlib
INFO: [VRFC 10-3107] analyzing entity 'adderTB'
INFO: [USF-XSim-69] 'compile' step finished in '2' seconds
INFO: [USF-XSim-3] XSim::Elaborate design
INFO: [USF-XSim-61] Executing 'ELABORATE' step in 'H:/EGRE365/lab4/lab4.sim/sim_1/behav/xsim'
"xelab --incr --debug typical --relax --mt 2 -L xil_defaultlib -L secureip --snapshot adderTB_behav xil_defaultlib.adderTB -log elaborate.log"
Vivado Simulator v2023.2
Copyright 1986-2022 Xilinx, Inc. All Rights Reserved.
Copyright 2022-2023 Advanced Micro Devices, Inc. All Rights Reserved.
Running: C:/Xilinx/Vivado/2023.2/bin/unwrapped/win64.o/xelab.exe --incr --debug typical --relax --mt 2 -L xil_defaultlib -L secureip --snapshot adderTB_behav xil_defaultlib.adderTB -log elaborate.log 
Using 2 slave threads.
Starting static elaboration
Completed static elaboration
Starting simulation data flow analysis
Completed simulation data flow analysis
Time Resolution for simulation is 1ps
Compiling package std.standard
Compiling package std.textio
Compiling package ieee.std_logic_1164
Compiling package ieee.numeric_std
Compiling architecture behavioral of entity xil_defaultlib.ALU [alu_default]
Compiling architecture behavior of entity xil_defaultlib.addertb
Built simulation snapshot adderTB_behav
INFO: [USF-XSim-69] 'elaborate' step finished in '3' seconds
INFO: [USF-XSim-4] XSim::Simulate design
INFO: [USF-XSim-61] Executing 'SIMULATE' step in 'H:/EGRE365/lab4/lab4.sim/sim_1/behav/xsim'
INFO: [USF-XSim-98] *** Running xsim
   with args "adderTB_behav -key {Behavioral:sim_1:Functional:adderTB} -tclbatch {adderTB.tcl} -view {H:/EGRE365/lab4/top_level_tb_behav.wcfg} -log {simulate.log}"
INFO: [USF-XSim-8] Loading simulator feature
Time resolution is 1 ps
open_wave_config H:/EGRE365/lab4/top_level_tb_behav.wcfg
source adderTB.tcl
# set curr_wave [current_wave_config]
# if { [string length $curr_wave] == 0 } {
#   if { [llength [get_objects]] > 0} {
#     add_wave /
#     set_property needs_save false [current_wave_config]
#   } else {
#      send_msg_id Add_Wave-1 WARNING "No top level signals found. Simulator will start without a wave window. If you want to open a wave window go to 'File->New Waveform Configuration' or type 'create_wave_config' in the TCL console."
#   }
# }
# run 1000ns
Error: Zero value is incorrect.
Time: 5 ns  Iteration: 0  Process: /adderTB/monitor  File: H:/EGRE365/lab4/lab4.srcs/sim_1/imports/Lab3/adderTB.vhdl
Error: C value is incorrect.
Time: 25 ns  Iteration: 0  Process: /adderTB/monitor  File: H:/EGRE365/lab4/lab4.srcs/sim_1/imports/Lab3/adderTB.vhdl
Error: Zero value is incorrect.
Time: 25 ns  Iteration: 0  Process: /adderTB/monitor  File: H:/EGRE365/lab4/lab4.srcs/sim_1/imports/Lab3/adderTB.vhdl
Error: Cout value is incorrect.
Time: 35 ns  Iteration: 0  Process: /adderTB/monitor  File: H:/EGRE365/lab4/lab4.srcs/sim_1/imports/Lab3/adderTB.vhdl
Error: C value is incorrect.
Time: 45 ns  Iteration: 0  Process: /adderTB/monitor  File: H:/EGRE365/lab4/lab4.srcs/sim_1/imports/Lab3/adderTB.vhdl
Error: Zero value is incorrect.
Time: 45 ns  Iteration: 0  Process: /adderTB/monitor  File: H:/EGRE365/lab4/lab4.srcs/sim_1/imports/Lab3/adderTB.vhdl
Error: Cout value is incorrect.
Time: 55 ns  Iteration: 0  Process: /adderTB/monitor  File: H:/EGRE365/lab4/lab4.srcs/sim_1/imports/Lab3/adderTB.vhdl
Error: Zero value is incorrect.
Time: 65 ns  Iteration: 0  Process: /adderTB/monitor  File: H:/EGRE365/lab4/lab4.srcs/sim_1/imports/Lab3/adderTB.vhdl
Error: C value is incorrect.
Time: 85 ns  Iteration: 0  Process: /adderTB/monitor  File: H:/EGRE365/lab4/lab4.srcs/sim_1/imports/Lab3/adderTB.vhdl
Error: Zero value is incorrect.
Time: 85 ns  Iteration: 0  Process: /adderTB/monitor  File: H:/EGRE365/lab4/lab4.srcs/sim_1/imports/Lab3/adderTB.vhdl
Error: Cout value is incorrect.
Time: 95 ns  Iteration: 0  Process: /adderTB/monitor  File: H:/EGRE365/lab4/lab4.srcs/sim_1/imports/Lab3/adderTB.vhdl
Error: C value is incorrect.
Time: 105 ns  Iteration: 0  Process: /adderTB/monitor  File: H:/EGRE365/lab4/lab4.srcs/sim_1/imports/Lab3/adderTB.vhdl
Error: Zero value is incorrect.
Time: 105 ns  Iteration: 0  Process: /adderTB/monitor  File: H:/EGRE365/lab4/lab4.srcs/sim_1/imports/Lab3/adderTB.vhdl
INFO: [USF-XSim-96] XSim completed. Design snapshot 'adderTB_behav' loaded.
INFO: [USF-XSim-97] XSim simulation ran for 1000ns
launch_simulation: Time (s): cpu = 00:00:01 ; elapsed = 00:00:09 . Memory (MB): peak = 2673.363 ; gain = 0.000
close_sim
INFO: [Simtcl 6-16] Simulation closed
launch_simulation
Command: launch_simulation 
INFO: [Vivado 12-12493] Simulation top is 'adderTB'
WARNING: [Vivado 12-13340] Unable to auto find GCC executables from simulator install path! (path not set)
INFO: [Vivado 12-5682] Launching behavioral simulation in 'H:/EGRE365/lab4/lab4.sim/sim_1/behav/xsim'
INFO: [SIM-utils-51] Simulation object is 'sim_1'
INFO: [SIM-utils-72] Using boost library from 'C:/Xilinx/Vivado/2023.2/tps/boost_1_72_0'
INFO: [SIM-utils-54] Inspecting design source files for 'adderTB' in fileset 'sim_1'...
INFO: [USF-XSim-97] Finding global include files...
INFO: [USF-XSim-98] Fetching design files from 'sim_1'...
INFO: [USF-XSim-2] XSim::Compile design
INFO: [USF-XSim-61] Executing 'COMPILE and ANALYZE' step in 'H:/EGRE365/lab4/lab4.sim/sim_1/behav/xsim'
"xvhdl --incr --relax -prj adderTB_vhdl.prj"
INFO: [USF-XSim-69] 'compile' step finished in '2' seconds
INFO: [USF-XSim-3] XSim::Elaborate design
INFO: [USF-XSim-61] Executing 'ELABORATE' step in 'H:/EGRE365/lab4/lab4.sim/sim_1/behav/xsim'
"xelab --incr --debug typical --relax --mt 2 -L xil_defaultlib -L secureip --snapshot adderTB_behav xil_defaultlib.adderTB -log elaborate.log"
Vivado Simulator v2023.2
Copyright 1986-2022 Xilinx, Inc. All Rights Reserved.
Copyright 2022-2023 Advanced Micro Devices, Inc. All Rights Reserved.
Running: C:/Xilinx/Vivado/2023.2/bin/unwrapped/win64.o/xelab.exe --incr --debug typical --relax --mt 2 -L xil_defaultlib -L secureip --snapshot adderTB_behav xil_defaultlib.adderTB -log elaborate.log 
Using 2 slave threads.
Starting static elaboration
Completed static elaboration
INFO: [XSIM 43-4323] No Change in HDL. Linking previously generated obj files to create kernel
INFO: [USF-XSim-69] 'elaborate' step finished in '2' seconds
INFO: [USF-XSim-4] XSim::Simulate design
INFO: [USF-XSim-61] Executing 'SIMULATE' step in 'H:/EGRE365/lab4/lab4.sim/sim_1/behav/xsim'
INFO: [USF-XSim-98] *** Running xsim
   with args "adderTB_behav -key {Behavioral:sim_1:Functional:adderTB} -tclbatch {adderTB.tcl} -view {H:/EGRE365/lab4/top_level_tb_behav.wcfg} -log {simulate.log}"
INFO: [USF-XSim-8] Loading simulator feature
Time resolution is 1 ps
open_wave_config H:/EGRE365/lab4/top_level_tb_behav.wcfg
source adderTB.tcl
# set curr_wave [current_wave_config]
# if { [string length $curr_wave] == 0 } {
#   if { [llength [get_objects]] > 0} {
#     add_wave /
#     set_property needs_save false [current_wave_config]
#   } else {
#      send_msg_id Add_Wave-1 WARNING "No top level signals found. Simulator will start without a wave window. If you want to open a wave window go to 'File->New Waveform Configuration' or type 'create_wave_config' in the TCL console."
#   }
# }
# run 1000ns
Error: Zero value is incorrect.
Time: 5 ns  Iteration: 0  Process: /adderTB/monitor  File: H:/EGRE365/lab4/lab4.srcs/sim_1/imports/Lab3/adderTB.vhdl
Error: C value is incorrect.
Time: 25 ns  Iteration: 0  Process: /adderTB/monitor  File: H:/EGRE365/lab4/lab4.srcs/sim_1/imports/Lab3/adderTB.vhdl
Error: Zero value is incorrect.
Time: 25 ns  Iteration: 0  Process: /adderTB/monitor  File: H:/EGRE365/lab4/lab4.srcs/sim_1/imports/Lab3/adderTB.vhdl
Error: Cout value is incorrect.
Time: 35 ns  Iteration: 0  Process: /adderTB/monitor  File: H:/EGRE365/lab4/lab4.srcs/sim_1/imports/Lab3/adderTB.vhdl
Error: C value is incorrect.
Time: 45 ns  Iteration: 0  Process: /adderTB/monitor  File: H:/EGRE365/lab4/lab4.srcs/sim_1/imports/Lab3/adderTB.vhdl
Error: Zero value is incorrect.
Time: 45 ns  Iteration: 0  Process: /adderTB/monitor  File: H:/EGRE365/lab4/lab4.srcs/sim_1/imports/Lab3/adderTB.vhdl
Error: Cout value is incorrect.
Time: 55 ns  Iteration: 0  Process: /adderTB/monitor  File: H:/EGRE365/lab4/lab4.srcs/sim_1/imports/Lab3/adderTB.vhdl
Error: Zero value is incorrect.
Time: 65 ns  Iteration: 0  Process: /adderTB/monitor  File: H:/EGRE365/lab4/lab4.srcs/sim_1/imports/Lab3/adderTB.vhdl
Error: C value is incorrect.
Time: 85 ns  Iteration: 0  Process: /adderTB/monitor  File: H:/EGRE365/lab4/lab4.srcs/sim_1/imports/Lab3/adderTB.vhdl
Error: Zero value is incorrect.
Time: 85 ns  Iteration: 0  Process: /adderTB/monitor  File: H:/EGRE365/lab4/lab4.srcs/sim_1/imports/Lab3/adderTB.vhdl
Error: Cout value is incorrect.
Time: 95 ns  Iteration: 0  Process: /adderTB/monitor  File: H:/EGRE365/lab4/lab4.srcs/sim_1/imports/Lab3/adderTB.vhdl
Error: C value is incorrect.
Time: 105 ns  Iteration: 0  Process: /adderTB/monitor  File: H:/EGRE365/lab4/lab4.srcs/sim_1/imports/Lab3/adderTB.vhdl
Error: Zero value is incorrect.
Time: 105 ns  Iteration: 0  Process: /adderTB/monitor  File: H:/EGRE365/lab4/lab4.srcs/sim_1/imports/Lab3/adderTB.vhdl
INFO: [USF-XSim-96] XSim completed. Design snapshot 'adderTB_behav' loaded.
INFO: [USF-XSim-97] XSim simulation ran for 1000ns
launch_simulation: Time (s): cpu = 00:00:00 ; elapsed = 00:00:08 . Memory (MB): peak = 2678.066 ; gain = 0.000
WARNING: [filemgmt 56-199] Attempt to get parsing info during refresh. "On-the-fly" syntax checking information may be incorrect. [H:\EGRE365\lab4\lab4.srcs\sim_1\imports\Lab3\adderTB.vhdl:]
WARNING: [filemgmt 56-199] Attempt to get parsing info during refresh. "On-the-fly" syntax checking information may be incorrect. [H:\EGRE365\lab4\lab4.srcs\sources_1\new\ALU.vhd:]
ERROR: [Common 17-180] Spawn failed: No error
WARNING: [filemgmt 56-199] Attempt to get parsing info during refresh. "On-the-fly" syntax checking information may be incorrect. [H:\EGRE365\lab4\lab4.srcs\sim_1\imports\Lab3\adderTB.vhdl:]
WARNING: [filemgmt 56-199] Attempt to get parsing info during refresh. "On-the-fly" syntax checking information may be incorrect. [H:\EGRE365\lab4\lab4.srcs\sources_1\new\ALU.vhd:]
ERROR: [Common 17-180] Spawn failed: No error
close_sim
INFO: [Simtcl 6-16] Simulation closed
launch_simulation
Command: launch_simulation 
INFO: [Vivado 12-12493] Simulation top is 'adderTB'
WARNING: [Vivado 12-13340] Unable to auto find GCC executables from simulator install path! (path not set)
INFO: [Vivado 12-5682] Launching behavioral simulation in 'H:/EGRE365/lab4/lab4.sim/sim_1/behav/xsim'
INFO: [SIM-utils-51] Simulation object is 'sim_1'
INFO: [SIM-utils-72] Using boost library from 'C:/Xilinx/Vivado/2023.2/tps/boost_1_72_0'
INFO: [SIM-utils-54] Inspecting design source files for 'adderTB' in fileset 'sim_1'...
INFO: [USF-XSim-97] Finding global include files...
INFO: [USF-XSim-98] Fetching design files from 'sim_1'...
INFO: [USF-XSim-2] XSim::Compile design
INFO: [USF-XSim-61] Executing 'COMPILE and ANALYZE' step in 'H:/EGRE365/lab4/lab4.sim/sim_1/behav/xsim'
"xvhdl --incr --relax -prj adderTB_vhdl.prj"
INFO: [VRFC 10-163] Analyzing VHDL file "H:/EGRE365/lab4/lab4.srcs/sources_1/new/ALU.vhd" into library xil_defaultlib
INFO: [VRFC 10-3107] analyzing entity 'ALU'
INFO: [VRFC 10-163] Analyzing VHDL file "H:/EGRE365/lab4/lab4.srcs/sim_1/imports/Lab3/adderTB.vhdl" into library xil_defaultlib
INFO: [VRFC 10-3107] analyzing entity 'adderTB'
INFO: [USF-XSim-69] 'compile' step finished in '2' seconds
INFO: [USF-XSim-3] XSim::Elaborate design
INFO: [USF-XSim-61] Executing 'ELABORATE' step in 'H:/EGRE365/lab4/lab4.sim/sim_1/behav/xsim'
"xelab --incr --debug typical --relax --mt 2 -L xil_defaultlib -L secureip --snapshot adderTB_behav xil_defaultlib.adderTB -log elaborate.log"
Vivado Simulator v2023.2
Copyright 1986-2022 Xilinx, Inc. All Rights Reserved.
Copyright 2022-2023 Advanced Micro Devices, Inc. All Rights Reserved.
Running: C:/Xilinx/Vivado/2023.2/bin/unwrapped/win64.o/xelab.exe --incr --debug typical --relax --mt 2 -L xil_defaultlib -L secureip --snapshot adderTB_behav xil_defaultlib.adderTB -log elaborate.log 
Using 2 slave threads.
Starting static elaboration
Completed static elaboration
Starting simulation data flow analysis
Completed simulation data flow analysis
Time Resolution for simulation is 1ps
Compiling package std.standard
Compiling package std.textio
Compiling package ieee.std_logic_1164
Compiling package ieee.numeric_std
Compiling architecture behavioral of entity xil_defaultlib.ALU [alu_default]
Compiling architecture behavior of entity xil_defaultlib.addertb
Built simulation snapshot adderTB_behav
INFO: [USF-XSim-69] 'elaborate' step finished in '4' seconds
INFO: [USF-XSim-4] XSim::Simulate design
INFO: [USF-XSim-61] Executing 'SIMULATE' step in 'H:/EGRE365/lab4/lab4.sim/sim_1/behav/xsim'
INFO: [USF-XSim-98] *** Running xsim
   with args "adderTB_behav -key {Behavioral:sim_1:Functional:adderTB} -tclbatch {adderTB.tcl} -view {H:/EGRE365/lab4/top_level_tb_behav.wcfg} -log {simulate.log}"
INFO: [USF-XSim-8] Loading simulator feature
Time resolution is 1 ps
open_wave_config H:/EGRE365/lab4/top_level_tb_behav.wcfg
source adderTB.tcl
# set curr_wave [current_wave_config]
# if { [string length $curr_wave] == 0 } {
#   if { [llength [get_objects]] > 0} {
#     add_wave /
#     set_property needs_save false [current_wave_config]
#   } else {
#      send_msg_id Add_Wave-1 WARNING "No top level signals found. Simulator will start without a wave window. If you want to open a wave window go to 'File->New Waveform Configuration' or type 'create_wave_config' in the TCL console."
#   }
# }
# run 1000ns
Error: C value is incorrect.
Time: 25 ns  Iteration: 0  Process: /adderTB/monitor  File: H:/EGRE365/lab4/lab4.srcs/sim_1/imports/Lab3/adderTB.vhdl
Error: Zero value is incorrect.
Time: 25 ns  Iteration: 0  Process: /adderTB/monitor  File: H:/EGRE365/lab4/lab4.srcs/sim_1/imports/Lab3/adderTB.vhdl
Error: Cout value is incorrect.
Time: 35 ns  Iteration: 0  Process: /adderTB/monitor  File: H:/EGRE365/lab4/lab4.srcs/sim_1/imports/Lab3/adderTB.vhdl
Error: C value is incorrect.
Time: 45 ns  Iteration: 0  Process: /adderTB/monitor  File: H:/EGRE365/lab4/lab4.srcs/sim_1/imports/Lab3/adderTB.vhdl
Error: Zero value is incorrect.
Time: 45 ns  Iteration: 0  Process: /adderTB/monitor  File: H:/EGRE365/lab4/lab4.srcs/sim_1/imports/Lab3/adderTB.vhdl
Error: Cout value is incorrect.
Time: 55 ns  Iteration: 0  Process: /adderTB/monitor  File: H:/EGRE365/lab4/lab4.srcs/sim_1/imports/Lab3/adderTB.vhdl
Error: C value is incorrect.
Time: 85 ns  Iteration: 0  Process: /adderTB/monitor  File: H:/EGRE365/lab4/lab4.srcs/sim_1/imports/Lab3/adderTB.vhdl
Error: Zero value is incorrect.
Time: 85 ns  Iteration: 0  Process: /adderTB/monitor  File: H:/EGRE365/lab4/lab4.srcs/sim_1/imports/Lab3/adderTB.vhdl
Error: C value is incorrect.
Time: 105 ns  Iteration: 0  Process: /adderTB/monitor  File: H:/EGRE365/lab4/lab4.srcs/sim_1/imports/Lab3/adderTB.vhdl
Error: Zero value is incorrect.
Time: 105 ns  Iteration: 0  Process: /adderTB/monitor  File: H:/EGRE365/lab4/lab4.srcs/sim_1/imports/Lab3/adderTB.vhdl
INFO: [USF-XSim-96] XSim completed. Design snapshot 'adderTB_behav' loaded.
INFO: [USF-XSim-97] XSim simulation ran for 1000ns
launch_simulation: Time (s): cpu = 00:00:01 ; elapsed = 00:00:10 . Memory (MB): peak = 2678.066 ; gain = 0.000
synth_design -top ALU -part xc7a100tcsg324-1 -lint 
Command: synth_design -top ALU -part xc7a100tcsg324-1 -lint
Starting synth_design
Attempting to get a license for feature 'Synthesis' and/or device 'xc7a100t'
INFO: [Common 17-349] Got license for feature 'Synthesis' and/or device 'xc7a100t'
INFO: [Synth 8-7079] Multithreading enabled for synth_design using a maximum of 2 processes.
INFO: [Synth 8-7078] Launching helper process for spawning children vivado processes
INFO: [Synth 8-7075] Helper process launched with PID 1380
INFO: [Common 17-41] Interrupt caught. Command should exit soon.
INFO: [Common 17-344] 'source' was cancelled
INFO: [Common 17-83] Releasing license: Synthesis
7 Infos, 0 Warnings, 0 Critical Warnings and 0 Errors encountered.
synth_design completed successfully
INFO: [Common 17-344] 'synth_design' was cancelled
WARNING: [filemgmt 56-199] Attempt to get parsing info during refresh. "On-the-fly" syntax checking information may be incorrect. [H:\EGRE365\lab4\lab4.srcs\sim_1\imports\Lab3\adderTB.vhdl:]
WARNING: [filemgmt 56-199] Attempt to get parsing info during refresh. "On-the-fly" syntax checking information may be incorrect. [H:\EGRE365\lab4\lab4.srcs\sources_1\new\ALU.vhd:]
ERROR: [Common 17-180] Spawn failed: No error
WARNING: [filemgmt 56-199] Attempt to get parsing info during refresh. "On-the-fly" syntax checking information may be incorrect. [H:\EGRE365\lab4\lab4.srcs\sim_1\imports\Lab3\adderTB.vhdl:]
WARNING: [filemgmt 56-199] Attempt to get parsing info during refresh. "On-the-fly" syntax checking information may be incorrect. [H:\EGRE365\lab4\lab4.srcs\sources_1\new\ALU.vhd:]
ERROR: [Common 17-180] Spawn failed: No error
WARNING: [filemgmt 56-199] Attempt to get parsing info during refresh. "On-the-fly" syntax checking information may be incorrect. [H:\EGRE365\lab4\lab4.srcs\sim_1\imports\Lab3\adderTB.vhdl:]
WARNING: [filemgmt 56-199] Attempt to get parsing info during refresh. "On-the-fly" syntax checking information may be incorrect. [H:\EGRE365\lab4\lab4.srcs\sources_1\new\ALU.vhd:]
ERROR: [Common 17-180] Spawn failed: No error
WARNING: [filemgmt 56-199] Attempt to get parsing info during refresh. "On-the-fly" syntax checking information may be incorrect. [H:\EGRE365\lab4\lab4.srcs\sim_1\imports\Lab3\adderTB.vhdl:]
WARNING: [filemgmt 56-199] Attempt to get parsing info during refresh. "On-the-fly" syntax checking information may be incorrect. [H:\EGRE365\lab4\lab4.srcs\sources_1\new\ALU.vhd:]
ERROR: [Common 17-180] Spawn failed: No error
WARNING: [filemgmt 56-199] Attempt to get parsing info during refresh. "On-the-fly" syntax checking information may be incorrect. [H:\EGRE365\lab4\lab4.srcs\sim_1\imports\Lab3\adderTB.vhdl:]
WARNING: [filemgmt 56-199] Attempt to get parsing info during refresh. "On-the-fly" syntax checking information may be incorrect. [H:\EGRE365\lab4\lab4.srcs\sources_1\new\ALU.vhd:]
ERROR: [Common 17-180] Spawn failed: No error
WARNING: [filemgmt 56-199] Attempt to get parsing info during refresh. "On-the-fly" syntax checking information may be incorrect. [H:\EGRE365\lab4\lab4.srcs\sim_1\imports\Lab3\adderTB.vhdl:]
WARNING: [filemgmt 56-199] Attempt to get parsing info during refresh. "On-the-fly" syntax checking information may be incorrect. [H:\EGRE365\lab4\lab4.srcs\sources_1\new\ALU.vhd:]
ERROR: [Common 17-180] Spawn failed: No error
WARNING: [filemgmt 56-199] Attempt to get parsing info during refresh. "On-the-fly" syntax checking information may be incorrect. [H:\EGRE365\lab4\lab4.srcs\sim_1\imports\Lab3\adderTB.vhdl:]
WARNING: [filemgmt 56-199] Attempt to get parsing info during refresh. "On-the-fly" syntax checking information may be incorrect. [H:\EGRE365\lab4\lab4.srcs\sources_1\new\ALU.vhd:]
ERROR: [Common 17-180] Spawn failed: No error
WARNING: [filemgmt 56-199] Attempt to get parsing info during refresh. "On-the-fly" syntax checking information may be incorrect. [H:\EGRE365\lab4\lab4.srcs\sim_1\imports\Lab3\adderTB.vhdl:]
WARNING: [filemgmt 56-199] Attempt to get parsing info during refresh. "On-the-fly" syntax checking information may be incorrect. [H:\EGRE365\lab4\lab4.srcs\sources_1\new\ALU.vhd:]
ERROR: [Common 17-180] Spawn failed: No error
WARNING: [filemgmt 56-199] Attempt to get parsing info during refresh. "On-the-fly" syntax checking information may be incorrect. [H:\EGRE365\lab4\lab4.srcs\sim_1\imports\Lab3\adderTB.vhdl:]
WARNING: [filemgmt 56-199] Attempt to get parsing info during refresh. "On-the-fly" syntax checking information may be incorrect. [H:\EGRE365\lab4\lab4.srcs\sources_1\new\ALU.vhd:]
ERROR: [Common 17-180] Spawn failed: No error
WARNING: [filemgmt 56-199] Attempt to get parsing info during refresh. "On-the-fly" syntax checking information may be incorrect. [H:\EGRE365\lab4\lab4.srcs\sim_1\imports\Lab3\adderTB.vhdl:]
WARNING: [filemgmt 56-199] Attempt to get parsing info during refresh. "On-the-fly" syntax checking information may be incorrect. [H:\EGRE365\lab4\lab4.srcs\sources_1\new\ALU.vhd:]
ERROR: [Common 17-180] Spawn failed: No error
WARNING: [filemgmt 56-199] Attempt to get parsing info during refresh. "On-the-fly" syntax checking information may be incorrect. [H:\EGRE365\lab4\lab4.srcs\sim_1\imports\Lab3\adderTB.vhdl:]
WARNING: [filemgmt 56-199] Attempt to get parsing info during refresh. "On-the-fly" syntax checking information may be incorrect. [H:\EGRE365\lab4\lab4.srcs\sources_1\new\ALU.vhd:]
ERROR: [Common 17-180] Spawn failed: No error
close_sim
INFO: [Simtcl 6-16] Simulation closed
launch_simulation
Command: launch_simulation 
INFO: [Vivado 12-12493] Simulation top is 'adderTB'
WARNING: [Vivado 12-13340] Unable to auto find GCC executables from simulator install path! (path not set)
boost::filesystem::remove: The process cannot access the file because it is being used by another process: "H:/EGRE365/lab4/lab4.sim/sim_1/behav/xsim/simulate.log"
launch_simulation
Command: launch_simulation 
INFO: [Vivado 12-12493] Simulation top is 'adderTB'
WARNING: [Vivado 12-13340] Unable to auto find GCC executables from simulator install path! (path not set)
boost::filesystem::remove: The process cannot access the file because it is being used by another process: "H:/EGRE365/lab4/lab4.sim/sim_1/behav/xsim/simulate.log"
exit
INFO: [Common 17-206] Exiting Vivado at Wed Oct  2 11:19:39 2024...
