Copyright 1986-2022 Xilinx, Inc. All Rights Reserved. Copyright 2022-2023 Advanced Micro Devices, Inc. All Rights Reserved.
---------------------------------------------------------------------------------------------------------------------------------------------
| Tool Version : Vivado v.2023.2 (win64) Build 4029153 Fri Oct 13 20:14:34 MDT 2023
| Date         : Mon Oct 28 14:47:20 2024
| Host         : EGR-W447-20 running 64-bit major release  (build 9200)
| Command      : report_control_sets -verbose -file top_level_control_sets_placed.rpt
| Design       : top_level
| Device       : xc7a100t
---------------------------------------------------------------------------------------------------------------------------------------------

Control Set Information

Table of Contents
-----------------
1. Summary
2. Histogram
3. Flip-Flop Distribution
4. Detailed Control Set Information

1. Summary
----------

+----------------------------------------------------------+-------+
|                          Status                          | Count |
+----------------------------------------------------------+-------+
| Total control sets                                       |     6 |
|    Minimum number of control sets                        |     6 |
|    Addition due to synthesis replication                 |     0 |
|    Addition due to physical synthesis replication        |     0 |
| Unused register locations in slices containing registers |    22 |
+----------------------------------------------------------+-------+
* Control sets can be merged at opt_design using control_set_merge or merge_equivalent_drivers
** Run report_qor_suggestions for automated merging and remapping suggestions


2. Histogram
------------

+--------------------+-------+
|       Fanout       | Count |
+--------------------+-------+
| Total control sets |     6 |
| >= 0 to < 4        |     1 |
| >= 4 to < 6        |     2 |
| >= 6 to < 8        |     0 |
| >= 8 to < 10       |     0 |
| >= 10 to < 12      |     1 |
| >= 12 to < 14      |     0 |
| >= 14 to < 16      |     0 |
| >= 16              |     2 |
+--------------------+-------+
* Control sets can be remapped at either synth_design or opt_design


3. Flip-Flop Distribution
-------------------------

+--------------+-----------------------+------------------------+-----------------+--------------+
| Clock Enable | Synchronous Set/Reset | Asynchronous Set/Reset | Total Registers | Total Slices |
+--------------+-----------------------+------------------------+-----------------+--------------+
| No           | No                    | No                     |               3 |            2 |
| No           | No                    | Yes                    |              10 |            3 |
| No           | Yes                   | No                     |              59 |           17 |
| Yes          | No                    | No                     |               0 |            0 |
| Yes          | No                    | Yes                    |               0 |            0 |
| Yes          | Yes                   | No                     |              10 |            4 |
+--------------+-----------------------+------------------------+-----------------+--------------+


4. Detailed Control Set Information
-----------------------------------

+----------------------+---------------------------------------+---------------------------------------+------------------+----------------+--------------+
|     Clock Signal     |             Enable Signal             |            Set/Reset Signal           | Slice Load Count | Bel Load Count | Bels / Slice |
+----------------------+---------------------------------------+---------------------------------------+------------------+----------------+--------------+
|  CLK100MHZ_IBUF_BUFG |                                       |                                       |                2 |              3 |         1.50 |
|  CLK100MHZ_IBUF_BUFG | leftSwitchCalc/counter[4]_i_2_n_0     | leftSwitchCalc/counter[4]_i_1_n_0     |                2 |              5 |         2.50 |
|  CLK100MHZ_IBUF_BUFG | rightSwitchCalc/counter[4]_i_2__0_n_0 | rightSwitchCalc/counter[4]_i_1__0_n_0 |                2 |              5 |         2.50 |
|  clockCalc/CLK       |                                       | rightSwitchCalc/SR[0]                 |                3 |             10 |         3.33 |
|  CLK100MHZ_IBUF_BUFG |                                       | clockCalc/sclki                       |                7 |             23 |         3.29 |
|  CLK100MHZ_IBUF_BUFG |                                       | rightSwitchCalc/SR[0]                 |               10 |             36 |         3.60 |
+----------------------+---------------------------------------+---------------------------------------+------------------+----------------+--------------+


